<?xml version="1.0" encoding="UTF-8"?>
<!-- Generated by org.testng.reporters.JUnitReportReporter -->
<testsuite hostname="LAPTOP-KA6KLE0J" failures="0" tests="1" name="com.boing.testscripts.Search" time="32.068" errors="0" timestamp="2024-03-19T08:49:17 IST" skipped="0">
  <testcase classname="com.boing.testscripts.Search" name="testSearch" time="32.068"/>
  <system-out>
    <![CDATA[test]]>
  </system-out>
</testsuite> <!-- com.boing.testscripts.Search -->
